info: Server started at http://localhost:3000/api/v1/ {"timestamp":"2024-10-14T09:24:22.274Z"}
info: Connected to the database. {"timestamp":"2024-10-14T09:24:22.321Z"}
info: Server started at http://localhost:3000/api/v1/ {"timestamp":"2024-10-14T09:44:42.954Z"}
info: Connected to the database. {"timestamp":"2024-10-14T09:44:43.016Z"}
info: Server started at http://localhost:3000/api/v1/ {"timestamp":"2024-10-14T10:19:58.369Z"}
info: Connected to the database. {"timestamp":"2024-10-14T10:19:58.420Z"}
info: Server started at http://localhost:3000/api/v1/ {"timestamp":"2024-10-14T10:20:13.563Z"}
info: Connected to the database. {"timestamp":"2024-10-14T10:20:13.623Z"}
info: Server started at http://localhost:3000/api/v1/ {"timestamp":"2024-10-14T10:20:24.833Z"}
info: Connected to the database. {"timestamp":"2024-10-14T10:20:24.871Z"}
info: Server started at http://localhost:3000/api/v1/ {"timestamp":"2024-10-14T10:21:26.584Z"}
info: Connected to the database. {"timestamp":"2024-10-14T10:21:26.623Z"}
info: Server started at http://localhost:3000/api/v1/ {"timestamp":"2024-10-14T10:21:48.195Z"}
info: Connected to the database. {"timestamp":"2024-10-14T10:21:48.242Z"}
info: Server started at http://localhost:3000/api/v1/ {"timestamp":"2024-10-14T10:21:56.592Z"}
info: Connected to the database. {"timestamp":"2024-10-14T10:21:56.620Z"}
info: Server started at http://localhost:3000/api/v1/ {"timestamp":"2024-10-14T10:22:16.259Z"}
info: Connected to the database. {"timestamp":"2024-10-14T10:22:16.285Z"}
info: Server started at http://localhost:3000/api/v1/ {"timestamp":"2024-10-14T10:29:53.639Z"}
info: Connected to the database. {"timestamp":"2024-10-14T10:29:53.671Z"}
info: Server started at http://localhost:3000/api/v1/ {"timestamp":"2024-10-14T10:31:18.304Z"}
info: Connected to the database. {"timestamp":"2024-10-14T10:31:18.348Z"}
info: Server started at http://localhost:3000/api/v1/ {"timestamp":"2024-10-14T10:31:25.470Z"}
info: Connected to the database. {"timestamp":"2024-10-14T10:31:25.540Z"}
info: Server started at http://localhost:3000/api/v1/ {"timestamp":"2024-10-14T10:32:29.271Z"}
info: Connected to the database. {"timestamp":"2024-10-14T10:32:29.306Z"}
info: Server started at http://localhost:3000/api/v1/ {"timestamp":"2024-10-14T10:32:41.916Z"}
info: Connected to the database. {"timestamp":"2024-10-14T10:32:42.007Z"}
info: Server started at http://localhost:3000/api/v1/ {"timestamp":"2024-10-14T10:35:00.753Z"}
info: Connected to the database. {"timestamp":"2024-10-14T10:35:00.801Z"}
info: Server started at http://localhost:3000/api/v1/ {"timestamp":"2024-10-14T10:37:54.712Z"}
info: Connected to the database. {"timestamp":"2024-10-14T10:37:54.778Z"}
info: Server started at http://localhost:3000/api/v1/ {"timestamp":"2024-10-14T10:38:03.057Z"}
info: Connected to the database. {"timestamp":"2024-10-14T10:38:03.125Z"}
info: Server started at http://localhost:3000/api/v1/ {"timestamp":"2024-10-14T10:42:05.732Z"}
info: Connected to the database. {"timestamp":"2024-10-14T10:42:05.777Z"}
info: Server started at http://localhost:3000/api/v1/ {"timestamp":"2024-10-14T10:42:11.417Z"}
info: Connected to the database. {"timestamp":"2024-10-14T10:42:11.478Z"}
info: Server started at http://localhost:3000/api/v1/ {"timestamp":"2024-10-14T11:10:33.650Z"}
info: Connected to the database. {"timestamp":"2024-10-14T11:10:33.670Z"}
info: Server started at http://localhost:3000/api/v1/ {"timestamp":"2024-10-14T11:20:27.285Z"}
info: Connected to the database. {"timestamp":"2024-10-14T11:20:27.304Z"}
info: Server started at http://localhost:3000/api/v1/ {"timestamp":"2024-10-14T11:28:30.058Z"}
info: Connected to the database. {"timestamp":"2024-10-14T11:28:30.111Z"}
info: Server started at http://localhost:3000/api/v1/ {"timestamp":"2024-10-14T11:30:28.290Z"}
info: Connected to the database. {"timestamp":"2024-10-14T11:30:28.373Z"}
info: Server started at http://localhost:3000/api/v1/ {"timestamp":"2024-10-14T12:31:23.200Z"}
info: Connected to the database. {"timestamp":"2024-10-14T12:31:23.245Z"}
info: Server started at http://localhost:3000/api/v1/ {"timestamp":"2024-10-17T04:47:40.267Z"}
info: Connected to the database. {"timestamp":"2024-10-17T04:47:40.300Z"}
info: Server started at http://localhost:3000/api/v1/ {"timestamp":"2024-10-17T04:52:23.653Z"}
info: Connected to the database. {"timestamp":"2024-10-17T04:52:23.690Z"}
error: uncaughtException: listen EADDRINUSE: address already in use :::3000
Error: listen EADDRINUSE: address already in use :::3000
    at Server.setupListenHandle [as _listen2] (node:net:1872:16)
    at listenInCluster (node:net:1920:12)
    at Server.listen (node:net:2008:7)
    at Function.listen (C:\Users\Debnath mondal\Desktop\Fundoo-notes\node_modules\express\lib\application.js:635:24)
    at Object.<anonymous> (C:\Users\Debnath mondal\Desktop\Fundoo-notes\src\/index.js:37:5)
    at Module._compile (node:internal/modules/cjs/loader:1376:14)
    at Module._compile (C:\Users\Debnath mondal\Desktop\Fundoo-notes\node_modules\pirates\lib\index.js:117:24)
    at Module._extensions..js (node:internal/modules/cjs/loader:1435:10)
    at Object.newLoader [as .js] (C:\Users\Debnath mondal\Desktop\Fundoo-notes\node_modules\pirates\lib\index.js:121:7)
    at Module.load (node:internal/modules/cjs/loader:1207:32)
    at Function.Module._load (node:internal/modules/cjs/loader:1023:12)
    at Function.runMain (node:internal/modules/run_main:135:12)
    at Object.<anonymous> (C:\Users\Debnath mondal\Desktop\Fundoo-notes\node_modules\@babel\node\src\_babel-node.ts:159:12)
    at Module._compile (node:internal/modules/cjs/loader:1376:14)
    at Object.Module._extensions..js (node:internal/modules/cjs/loader:1435:10)
    at Module.load (node:internal/modules/cjs/loader:1207:32)
    at Function.Module._load (node:internal/modules/cjs/loader:1023:12)
    at Function.executeUserEntryPoint [as runMain] (node:internal/modules/run_main:135:12)
    at node:internal/main/run_main_module:28:49 {"date":"Thu Oct 17 2024 11:55:30 GMT+0530 (India Standard Time)","error":{"address":"::","code":"EADDRINUSE","errno":-4091,"port":3000,"syscall":"listen"},"exception":true,"os":{"loadavg":[0,0,0],"uptime":475989.609},"process":{"argv":["node","C:\\Users\\Debnath mondal\\Desktop\\Fundoo-notes\\src\\index.js"],"cwd":"C:\\Users\\Debnath mondal\\Desktop\\Fundoo-notes","execPath":"C:\\Program Files\\nodejs\\node.exe","gid":null,"memoryUsage":{"arrayBuffers":18278783,"external":21374470,"heapTotal":83910656,"heapUsed":50181520,"rss":123756544},"pid":24720,"uid":null,"version":"v21.3.0"},"stack":"Error: listen EADDRINUSE: address already in use :::3000\n    at Server.setupListenHandle [as _listen2] (node:net:1872:16)\n    at listenInCluster (node:net:1920:12)\n    at Server.listen (node:net:2008:7)\n    at Function.listen (C:\\Users\\Debnath mondal\\Desktop\\Fundoo-notes\\node_modules\\express\\lib\\application.js:635:24)\n    at Object.<anonymous> (C:\\Users\\Debnath mondal\\Desktop\\Fundoo-notes\\src\\/index.js:37:5)\n    at Module._compile (node:internal/modules/cjs/loader:1376:14)\n    at Module._compile (C:\\Users\\Debnath mondal\\Desktop\\Fundoo-notes\\node_modules\\pirates\\lib\\index.js:117:24)\n    at Module._extensions..js (node:internal/modules/cjs/loader:1435:10)\n    at Object.newLoader [as .js] (C:\\Users\\Debnath mondal\\Desktop\\Fundoo-notes\\node_modules\\pirates\\lib\\index.js:121:7)\n    at Module.load (node:internal/modules/cjs/loader:1207:32)\n    at Function.Module._load (node:internal/modules/cjs/loader:1023:12)\n    at Function.runMain (node:internal/modules/run_main:135:12)\n    at Object.<anonymous> (C:\\Users\\Debnath mondal\\Desktop\\Fundoo-notes\\node_modules\\@babel\\node\\src\\_babel-node.ts:159:12)\n    at Module._compile (node:internal/modules/cjs/loader:1376:14)\n    at Object.Module._extensions..js (node:internal/modules/cjs/loader:1435:10)\n    at Module.load (node:internal/modules/cjs/loader:1207:32)\n    at Function.Module._load (node:internal/modules/cjs/loader:1023:12)\n    at Function.executeUserEntryPoint [as runMain] (node:internal/modules/run_main:135:12)\n    at node:internal/main/run_main_module:28:49","timestamp":"2024-10-17T06:25:30.948Z","trace":[{"column":16,"file":"node:net","function":"Server.setupListenHandle [as _listen2]","line":1872,"method":"setupListenHandle [as _listen2]","native":false},{"column":12,"file":"node:net","function":"listenInCluster","line":1920,"method":null,"native":false},{"column":7,"file":"node:net","function":"Server.listen","line":2008,"method":"listen","native":false},{"column":24,"file":"C:\\Users\\Debnath mondal\\Desktop\\Fundoo-notes\\node_modules\\express\\lib\\application.js","function":"Function.listen","line":635,"method":"listen","native":false},{"column":5,"file":"C:\\Users\\Debnath mondal\\Desktop\\Fundoo-notes\\src\\/index.js","function":null,"line":37,"method":null,"native":false},{"column":14,"file":"node:internal/modules/cjs/loader","function":"Module._compile","line":1376,"method":"_compile","native":false},{"column":24,"file":"C:\\Users\\Debnath mondal\\Desktop\\Fundoo-notes\\node_modules\\pirates\\lib\\index.js","function":"Module._compile","line":117,"method":"_compile","native":false},{"column":10,"file":"node:internal/modules/cjs/loader","function":"Module._extensions..js","line":1435,"method":".js","native":false},{"column":7,"file":"C:\\Users\\Debnath mondal\\Desktop\\Fundoo-notes\\node_modules\\pirates\\lib\\index.js","function":"Object.newLoader [as .js]","line":121,"method":"js]","native":false},{"column":32,"file":"node:internal/modules/cjs/loader","function":"Module.load","line":1207,"method":"load","native":false},{"column":12,"file":"node:internal/modules/cjs/loader","function":"Module._load","line":1023,"method":"_load","native":false},{"column":12,"file":"node:internal/modules/run_main","function":"Function.runMain","line":135,"method":"runMain","native":false},{"column":12,"file":"C:\\Users\\Debnath mondal\\Desktop\\Fundoo-notes\\node_modules\\@babel\\node\\src\\_babel-node.ts","function":null,"line":159,"method":null,"native":false},{"column":14,"file":"node:internal/modules/cjs/loader","function":"Module._compile","line":1376,"method":"_compile","native":false},{"column":10,"file":"node:internal/modules/cjs/loader","function":"Module._extensions..js","line":1435,"method":".js","native":false},{"column":32,"file":"node:internal/modules/cjs/loader","function":"Module.load","line":1207,"method":"load","native":false},{"column":12,"file":"node:internal/modules/cjs/loader","function":"Module._load","line":1023,"method":"_load","native":false},{"column":12,"file":"node:internal/modules/run_main","function":"Function.executeUserEntryPoint [as runMain]","line":135,"method":"executeUserEntryPoint [as runMain]","native":false},{"column":49,"file":"node:internal/main/run_main_module","function":null,"line":28,"method":null,"native":false}]}
info: Server started at http://localhost:4000/api/v1/ {"timestamp":"2024-10-17T06:26:25.634Z"}
info: Connected to the database. {"timestamp":"2024-10-17T06:26:25.659Z"}
info: Server started at http://localhost:4000/api/v1/ {"timestamp":"2024-10-17T06:27:14.075Z"}
info: Connected to the database. {"timestamp":"2024-10-17T06:27:14.097Z"}
info: Server started at http://localhost:4000/api/v1/ {"timestamp":"2024-10-17T06:27:23.860Z"}
info: Connected to the database. {"timestamp":"2024-10-17T06:27:23.886Z"}
info: Server started at http://localhost:4000/api/v1/ {"timestamp":"2024-10-17T06:27:32.509Z"}
info: Connected to the database. {"timestamp":"2024-10-17T06:27:32.533Z"}
info: Server started at http://localhost:4000/api/v1/ {"timestamp":"2024-10-17T06:27:41.614Z"}
info: Connected to the database. {"timestamp":"2024-10-17T06:27:41.640Z"}
info: Server started at http://localhost:4000/api/v1/ {"timestamp":"2024-10-17T06:32:19.709Z"}
info: Connected to the database. {"timestamp":"2024-10-17T06:32:19.732Z"}
