info: ::1 - - [14/Oct/2024:11:32:26 +0000] "GET / HTTP/1.1" 404 47 "-" "Mozilla/5.0 (Windows NT 10.0; Win64; x64) AppleWebKit/537.36 (KHTML, like Gecko) Chrome/129.0.0.0 Safari/537.36"

info: ::1 - - [14/Oct/2024:11:32:27 +0000] "GET /favicon.ico HTTP/1.1" 404 47 "-" "Mozilla/5.0 (Windows NT 10.0; Win64; x64) AppleWebKit/537.36 (KHTML, like Gecko) Chrome/129.0.0.0 Safari/537.36"

info: ::1 - - [14/Oct/2024:11:32:47 +0000] "GET /v1/ HTTP/1.1" 404 47 "-" "Mozilla/5.0 (Windows NT 10.0; Win64; x64) AppleWebKit/537.36 (KHTML, like Gecko) Chrome/129.0.0.0 Safari/537.36"

info: ::1 - - [14/Oct/2024:11:33:31 +0000] "GET /api/v1/ HTTP/1.1" 200 9 "-" "Mozilla/5.0 (Windows NT 10.0; Win64; x64) AppleWebKit/537.36 (KHTML, like Gecko) Chrome/129.0.0.0 Safari/537.36"

info: ::1 - - [14/Oct/2024:11:33:45 +0000] "POST /api/v1/ HTTP/1.1" 404 47 "-" "PostmanRuntime/7.42.0"

info: ::1 - - [14/Oct/2024:11:35:22 +0000] "POST /api/v1 HTTP/1.1" 404 47 "-" "PostmanRuntime/7.42.0"

info: ::1 - - [14/Oct/2024:11:36:04 +0000] "POST /api/v1/users HTTP/1.1" 201 202 "-" "PostmanRuntime/7.42.0"

info: ::1 - - [14/Oct/2024:12:12:14 +0000] "GET /api/v1/ HTTP/1.1" 304 - "-" "Mozilla/5.0 (Windows NT 10.0; Win64; x64) AppleWebKit/537.36 (KHTML, like Gecko) Chrome/129.0.0.0 Safari/537.36"

info: ::1 - - [17/Oct/2024:04:51:06 +0000] "POST /api/v1/users/signup HTTP/1.1" 404 47 "-" "PostmanRuntime/7.42.0"

info: ::1 - - [17/Oct/2024:04:51:42 +0000] "POST /api/v1/users/signup HTTP/1.1" 404 47 "-" "PostmanRuntime/7.42.0"

info: ::1 - - [17/Oct/2024:04:58:50 +0000] "POST /api/v1/users/signup HTTP/1.1" 404 47 "-" "PostmanRuntime/7.42.0"

info: ::1 - - [17/Oct/2024:05:18:08 +0000] "POST /api/v1/users/login HTTP/1.1" 404 47 "-" "PostmanRuntime/7.42.0"

error: uncaughtException: listen EADDRINUSE: address already in use :::3000
Error: listen EADDRINUSE: address already in use :::3000
    at Server.setupListenHandle [as _listen2] (node:net:1872:16)
    at listenInCluster (node:net:1920:12)
    at Server.listen (node:net:2008:7)
    at Function.listen (C:\Users\Debnath mondal\Desktop\Fundoo-notes\node_modules\express\lib\application.js:635:24)
    at Object.<anonymous> (C:\Users\Debnath mondal\Desktop\Fundoo-notes\src\/index.js:37:5)
    at Module._compile (node:internal/modules/cjs/loader:1376:14)
    at Module._compile (C:\Users\Debnath mondal\Desktop\Fundoo-notes\node_modules\pirates\lib\index.js:117:24)
    at Module._extensions..js (node:internal/modules/cjs/loader:1435:10)
    at Object.newLoader [as .js] (C:\Users\Debnath mondal\Desktop\Fundoo-notes\node_modules\pirates\lib\index.js:121:7)
    at Module.load (node:internal/modules/cjs/loader:1207:32)
    at Function.Module._load (node:internal/modules/cjs/loader:1023:12)
    at Function.runMain (node:internal/modules/run_main:135:12)
    at Object.<anonymous> (C:\Users\Debnath mondal\Desktop\Fundoo-notes\node_modules\@babel\node\src\_babel-node.ts:159:12)
    at Module._compile (node:internal/modules/cjs/loader:1376:14)
    at Object.Module._extensions..js (node:internal/modules/cjs/loader:1435:10)
    at Module.load (node:internal/modules/cjs/loader:1207:32)
    at Function.Module._load (node:internal/modules/cjs/loader:1023:12)
    at Function.executeUserEntryPoint [as runMain] (node:internal/modules/run_main:135:12)
    at node:internal/main/run_main_module:28:49 {"date":"Thu Oct 17 2024 11:55:30 GMT+0530 (India Standard Time)","error":{"address":"::","code":"EADDRINUSE","errno":-4091,"port":3000,"syscall":"listen"},"exception":true,"os":{"loadavg":[0,0,0],"uptime":475989.625},"process":{"argv":["node","C:\\Users\\Debnath mondal\\Desktop\\Fundoo-notes\\src\\index.js"],"cwd":"C:\\Users\\Debnath mondal\\Desktop\\Fundoo-notes","execPath":"C:\\Program Files\\nodejs\\node.exe","gid":null,"memoryUsage":{"arrayBuffers":18291863,"external":21379398,"heapTotal":83910656,"heapUsed":50341440,"rss":123838464},"pid":24720,"uid":null,"version":"v21.3.0"},"stack":"Error: listen EADDRINUSE: address already in use :::3000\n    at Server.setupListenHandle [as _listen2] (node:net:1872:16)\n    at listenInCluster (node:net:1920:12)\n    at Server.listen (node:net:2008:7)\n    at Function.listen (C:\\Users\\Debnath mondal\\Desktop\\Fundoo-notes\\node_modules\\express\\lib\\application.js:635:24)\n    at Object.<anonymous> (C:\\Users\\Debnath mondal\\Desktop\\Fundoo-notes\\src\\/index.js:37:5)\n    at Module._compile (node:internal/modules/cjs/loader:1376:14)\n    at Module._compile (C:\\Users\\Debnath mondal\\Desktop\\Fundoo-notes\\node_modules\\pirates\\lib\\index.js:117:24)\n    at Module._extensions..js (node:internal/modules/cjs/loader:1435:10)\n    at Object.newLoader [as .js] (C:\\Users\\Debnath mondal\\Desktop\\Fundoo-notes\\node_modules\\pirates\\lib\\index.js:121:7)\n    at Module.load (node:internal/modules/cjs/loader:1207:32)\n    at Function.Module._load (node:internal/modules/cjs/loader:1023:12)\n    at Function.runMain (node:internal/modules/run_main:135:12)\n    at Object.<anonymous> (C:\\Users\\Debnath mondal\\Desktop\\Fundoo-notes\\node_modules\\@babel\\node\\src\\_babel-node.ts:159:12)\n    at Module._compile (node:internal/modules/cjs/loader:1376:14)\n    at Object.Module._extensions..js (node:internal/modules/cjs/loader:1435:10)\n    at Module.load (node:internal/modules/cjs/loader:1207:32)\n    at Function.Module._load (node:internal/modules/cjs/loader:1023:12)\n    at Function.executeUserEntryPoint [as runMain] (node:internal/modules/run_main:135:12)\n    at node:internal/main/run_main_module:28:49","trace":[{"column":16,"file":"node:net","function":"Server.setupListenHandle [as _listen2]","line":1872,"method":"setupListenHandle [as _listen2]","native":false},{"column":12,"file":"node:net","function":"listenInCluster","line":1920,"method":null,"native":false},{"column":7,"file":"node:net","function":"Server.listen","line":2008,"method":"listen","native":false},{"column":24,"file":"C:\\Users\\Debnath mondal\\Desktop\\Fundoo-notes\\node_modules\\express\\lib\\application.js","function":"Function.listen","line":635,"method":"listen","native":false},{"column":5,"file":"C:\\Users\\Debnath mondal\\Desktop\\Fundoo-notes\\src\\/index.js","function":null,"line":37,"method":null,"native":false},{"column":14,"file":"node:internal/modules/cjs/loader","function":"Module._compile","line":1376,"method":"_compile","native":false},{"column":24,"file":"C:\\Users\\Debnath mondal\\Desktop\\Fundoo-notes\\node_modules\\pirates\\lib\\index.js","function":"Module._compile","line":117,"method":"_compile","native":false},{"column":10,"file":"node:internal/modules/cjs/loader","function":"Module._extensions..js","line":1435,"method":".js","native":false},{"column":7,"file":"C:\\Users\\Debnath mondal\\Desktop\\Fundoo-notes\\node_modules\\pirates\\lib\\index.js","function":"Object.newLoader [as .js]","line":121,"method":"js]","native":false},{"column":32,"file":"node:internal/modules/cjs/loader","function":"Module.load","line":1207,"method":"load","native":false},{"column":12,"file":"node:internal/modules/cjs/loader","function":"Module._load","line":1023,"method":"_load","native":false},{"column":12,"file":"node:internal/modules/run_main","function":"Function.runMain","line":135,"method":"runMain","native":false},{"column":12,"file":"C:\\Users\\Debnath mondal\\Desktop\\Fundoo-notes\\node_modules\\@babel\\node\\src\\_babel-node.ts","function":null,"line":159,"method":null,"native":false},{"column":14,"file":"node:internal/modules/cjs/loader","function":"Module._compile","line":1376,"method":"_compile","native":false},{"column":10,"file":"node:internal/modules/cjs/loader","function":"Module._extensions..js","line":1435,"method":".js","native":false},{"column":32,"file":"node:internal/modules/cjs/loader","function":"Module.load","line":1207,"method":"load","native":false},{"column":12,"file":"node:internal/modules/cjs/loader","function":"Module._load","line":1023,"method":"_load","native":false},{"column":12,"file":"node:internal/modules/run_main","function":"Function.executeUserEntryPoint [as runMain]","line":135,"method":"executeUserEntryPoint [as runMain]","native":false},{"column":49,"file":"node:internal/main/run_main_module","function":null,"line":28,"method":null,"native":false}]}
info: ::1 - - [17/Oct/2024:06:28:03 +0000] "POST /api/v1/users/signup HTTP/1.1" 400 59 "-" "PostmanRuntime/7.42.0"

info: ::1 - - [17/Oct/2024:06:28:48 +0000] "POST /api/v1/users/login HTTP/1.1" 201 243 "-" "PostmanRuntime/7.42.0"

